Build started 22-Sep-20 10:20:30 AM.
     1>Project "D:\AUST\1.2\CSE 1200\CAR MANIA\iGraphics Project\iGraphics Project.vcxproj" on node 2 (build target(s)).
     1>InitializeBuildStatus:
         Creating "Debug\iGraphics Project.unsuccessfulbuild" because "AlwaysCreate" was specified.
       ClCompile:
         C:\Program Files (x86)\Microsoft Visual Studio 10.0\VC\bin\CL.exe /c /ZI /nologo /W3 /WX- /Od /Oy- /D _MBCS /Gm /EHsc /RTC1 /MDd /GS /fp:precise /Zc:wchar_t /Zc:forScope /Fo"Debug\\" /Fd"Debug\vc100.pdb" /Gd /TP /analyze- /errorReport:prompt iMain.cpp
         iMain.cpp
     1>d:\aust\1.2\cse 1200\car mania\igraphics project\imain.cpp(87): warning C4553: '==' : operator has no effect; did you intend '='?
     1>d:\aust\1.2\cse 1200\car mania\igraphics project\imain.cpp(263): warning C4805: '==' : unsafe mix of type 'boolean' and type 'bool' in operation
     1>d:\aust\1.2\cse 1200\car mania\igraphics project\imain.cpp(441): warning C4805: '==' : unsafe mix of type 'boolean' and type 'bool' in operation
     1>d:\aust\1.2\cse 1200\car mania\igraphics project\imain.cpp(458): warning C4805: '==' : unsafe mix of type 'boolean' and type 'bool' in operation
     1>d:\aust\1.2\cse 1200\car mania\igraphics project\imain.cpp(489): warning C4805: '==' : unsafe mix of type 'boolean' and type 'bool' in operation
     1>d:\aust\1.2\cse 1200\car mania\igraphics project\imain.cpp(527): warning C4996: 'fopen': This function or variable may be unsafe. Consider using fopen_s instead. To disable deprecation, use _CRT_SECURE_NO_WARNINGS. See online help for details.
                 c:\program files (x86)\microsoft visual studio 10.0\vc\include\stdio.h(234) : see declaration of 'fopen'
     1>d:\aust\1.2\cse 1200\car mania\igraphics project\imain.cpp(529): warning C4996: 'fscanf': This function or variable may be unsafe. Consider using fscanf_s instead. To disable deprecation, use _CRT_SECURE_NO_WARNINGS. See online help for details.
                 c:\program files (x86)\microsoft visual studio 10.0\vc\include\stdio.h(253) : see declaration of 'fscanf'
     1>d:\aust\1.2\cse 1200\car mania\igraphics project\imain.cpp(549): warning C4996: 'strcpy': This function or variable may be unsafe. Consider using strcpy_s instead. To disable deprecation, use _CRT_SECURE_NO_WARNINGS. See online help for details.
                 c:\program files (x86)\microsoft visual studio 10.0\vc\include\string.h(105) : see declaration of 'strcpy'
     1>d:\aust\1.2\cse 1200\car mania\igraphics project\imain.cpp(550): warning C4996: 'strcpy': This function or variable may be unsafe. Consider using strcpy_s instead. To disable deprecation, use _CRT_SECURE_NO_WARNINGS. See online help for details.
                 c:\program files (x86)\microsoft visual studio 10.0\vc\include\string.h(105) : see declaration of 'strcpy'
     1>d:\aust\1.2\cse 1200\car mania\igraphics project\imain.cpp(736): warning C4996: 'fopen': This function or variable may be unsafe. Consider using fopen_s instead. To disable deprecation, use _CRT_SECURE_NO_WARNINGS. See online help for details.
                 c:\program files (x86)\microsoft visual studio 10.0\vc\include\stdio.h(234) : see declaration of 'fopen'
       Link:
         C:\Program Files (x86)\Microsoft Visual Studio 10.0\VC\bin\link.exe /ERRORREPORT:PROMPT /OUT:"D:\AUST\1.2\CSE 1200\CAR MANIA\Debug\iGraphics Project.exe" /NOLOGO kernel32.lib user32.lib gdi32.lib winspool.lib comdlg32.lib advapi32.lib shell32.lib ole32.lib oleaut32.lib uuid.lib odbc32.lib odbccp32.lib /MANIFEST /ManifestFile:"Debug\iGraphics Project.exe.intermediate.manifest" /MANIFESTUAC:"level='asInvoker' uiAccess='false'" /DEBUG /PDB:"D:\AUST\1.2\CSE 1200\CAR MANIA\Debug\iGraphics Project.pdb" /TLBID:1 /DYNAMICBASE /NXCOMPAT /IMPLIB:"D:\AUST\1.2\CSE 1200\CAR MANIA\Debug\iGraphics Project.lib" /MACHINE:X86 Debug\iMain.obj
         LINK : D:\AUST\1.2\CSE 1200\CAR MANIA\Debug\iGraphics Project.exe not found or not built by the last incremental link; performing full link
         iGraphics Project.vcxproj -> D:\AUST\1.2\CSE 1200\CAR MANIA\Debug\iGraphics Project.exe
       Manifest:
         C:\Program Files (x86)\Microsoft SDKs\Windows\v7.0A\bin\mt.exe /nologo /verbose /outputresource:"D:\AUST\1.2\CSE 1200\CAR MANIA\Debug\iGraphics Project.exe;#1" /manifest "Debug\iGraphics Project.exe.intermediate.manifest"
       FinalizeBuildStatus:
         Deleting file "Debug\iGraphics Project.unsuccessfulbuild".
         Touching "Debug\iGraphics Project.lastbuildstate".
     1>Done Building Project "D:\AUST\1.2\CSE 1200\CAR MANIA\iGraphics Project\iGraphics Project.vcxproj" (build target(s)).

Build succeeded.

Time Elapsed 00:00:05.63
