D:\AUST\1.2\CSE 1200\CAR MANIA\DEBUG\IGRAPHICS PROJECT.EXE
D:\AUST\1.2\CSE 1200\CAR MANIA\DEBUG\IGRAPHICS PROJECT.ILK
D:\AUST\1.2\CSE 1200\CAR MANIA\DEBUG\IGRAPHICS PROJECT.PDB
D:\AUST\1.2\CSE 1200\CAR MANIA\iGraphics Project\Debug\cl.command.1.tlog
D:\AUST\1.2\CSE 1200\CAR MANIA\iGraphics Project\Debug\CL.read.1.tlog
D:\AUST\1.2\CSE 1200\CAR MANIA\iGraphics Project\Debug\CL.write.1.tlog
D:\AUST\1.2\CSE 1200\CAR MANIA\IGRAPHICS PROJECT\DEBUG\IGRAPHICS PROJECT.EXE.INTERMEDIATE.MANIFEST
D:\AUST\1.2\CSE 1200\CAR MANIA\iGraphics Project\Debug\iGraphics Project.vcxprojResolveAssemblyReference.cache
D:\AUST\1.2\CSE 1200\CAR MANIA\iGraphics Project\Debug\iGraphics Project.write.1.tlog
D:\AUST\1.2\CSE 1200\CAR MANIA\IGRAPHICS PROJECT\DEBUG\IMAIN.OBJ
D:\AUST\1.2\CSE 1200\CAR MANIA\iGraphics Project\Debug\link.command.1.tlog
D:\AUST\1.2\CSE 1200\CAR MANIA\iGraphics Project\Debug\link.read.1.tlog
D:\AUST\1.2\CSE 1200\CAR MANIA\iGraphics Project\Debug\link.write.1.tlog
D:\AUST\1.2\CSE 1200\CAR MANIA\iGraphics Project\Debug\mt.command.1.tlog
D:\AUST\1.2\CSE 1200\CAR MANIA\iGraphics Project\Debug\mt.read.1.tlog
D:\AUST\1.2\CSE 1200\CAR MANIA\iGraphics Project\Debug\mt.write.1.tlog
D:\AUST\1.2\CSE 1200\CAR MANIA\iGraphics Project\Debug\vc100.idb
D:\AUST\1.2\CSE 1200\CAR MANIA\IGRAPHICS PROJECT\DEBUG\VC100.PDB
D:\DOWNLOADS\CAR MANIA\DEBUG\IGRAPHICS PROJECT.EXE
D:\DOWNLOADS\CAR MANIA\DEBUG\IGRAPHICS PROJECT.ILK
D:\DOWNLOADS\CAR MANIA\DEBUG\IGRAPHICS PROJECT.PDB
D:\DOWNLOADS\CAR MANIA\IGRAPHICS PROJECT\DEBUG\IGRAPHICS PROJECT.EXE.INTERMEDIATE.MANIFEST
D:\DOWNLOADS\CAR MANIA\IGRAPHICS PROJECT\DEBUG\IMAIN.OBJ
D:\DOWNLOADS\CAR MANIA\IGRAPHICS PROJECT\DEBUG\VC100.PDB
